Traceback (most recent call last):
  File "/Users/digitalmediaadmin/.pyenv/versions/3.9.18/envs/etc-docs/lib/python3.9/site-packages/jupyter_cache/executors/utils.py", line 58, in single_nb_execution
    executenb(
  File "/Users/digitalmediaadmin/.pyenv/versions/3.9.18/envs/etc-docs/lib/python3.9/site-packages/nbclient/client.py", line 1314, in execute
    return NotebookClient(nb=nb, resources=resources, km=km, **kwargs).execute()
  File "/Users/digitalmediaadmin/.pyenv/versions/3.9.18/envs/etc-docs/lib/python3.9/site-packages/jupyter_core/utils/__init__.py", line 165, in wrapped
    return loop.run_until_complete(inner)
  File "/Users/digitalmediaadmin/.pyenv/versions/3.9.18/lib/python3.9/asyncio/base_events.py", line 647, in run_until_complete
    return future.result()
  File "/Users/digitalmediaadmin/.pyenv/versions/3.9.18/envs/etc-docs/lib/python3.9/site-packages/nbclient/client.py", line 709, in async_execute
    await self.async_execute_cell(
  File "/Users/digitalmediaadmin/.pyenv/versions/3.9.18/envs/etc-docs/lib/python3.9/site-packages/nbclient/client.py", line 1062, in async_execute_cell
    await self._check_raise_for_error(cell, cell_index, exec_reply)
  File "/Users/digitalmediaadmin/.pyenv/versions/3.9.18/envs/etc-docs/lib/python3.9/site-packages/nbclient/client.py", line 918, in _check_raise_for_error
    raise CellExecutionError.from_cell_and_msg(cell, exec_reply_content)
nbclient.exceptions.CellExecutionError: An error occurred while executing the following cell:
------------------
from PIL import Image
import requests
from torchvision.io import read_image
import torchvision.transforms as transforms

landseer_url = "https://framemark.vam.ac.uk/collections/2006AU1447/full/full/0/default.jpg"
landseer_image_pil = Image.open(requests.get(landseer_url, stream=True).raw)

transform = transforms.Compose([
transforms.PILToTensor()])

dog_image_torch = transform(landseer_image_pil)
------------------


[0;31m---------------------------------------------------------------------------[0m
[0;31mModuleNotFoundError[0m                       Traceback (most recent call last)
Cell [0;32mIn[1], line 3[0m
[1;32m      1[0m [38;5;28;01mfrom[39;00m [38;5;21;01mPIL[39;00m [38;5;28;01mimport[39;00m Image
[1;32m      2[0m [38;5;28;01mimport[39;00m [38;5;21;01mrequests[39;00m
[0;32m----> 3[0m [38;5;28;01mfrom[39;00m [38;5;21;01mtorchvision[39;00m[38;5;21;01m.[39;00m[38;5;21;01mio[39;00m [38;5;28;01mimport[39;00m read_image
[1;32m      4[0m [38;5;28;01mimport[39;00m [38;5;21;01mtorchvision[39;00m[38;5;21;01m.[39;00m[38;5;21;01mtransforms[39;00m [38;5;28;01mas[39;00m [38;5;21;01mtransforms[39;00m
[1;32m      6[0m landseer_url [38;5;241m=[39m [38;5;124m"[39m[38;5;124mhttps://framemark.vam.ac.uk/collections/2006AU1447/full/full/0/default.jpg[39m[38;5;124m"[39m

File [0;32m~/.pyenv/versions/3.9.18/envs/etc-docs/lib/python3.9/site-packages/torchvision/__init__.py:10[0m
[1;32m      7[0m [38;5;66;03m# Don't re-order these, we need to load the _C extension (done when importing[39;00m
[1;32m      8[0m [38;5;66;03m# .extensions) before entering _meta_registrations.[39;00m
[1;32m      9[0m [38;5;28;01mfrom[39;00m [38;5;21;01m.[39;00m[38;5;21;01mextension[39;00m [38;5;28;01mimport[39;00m _HAS_OPS  [38;5;66;03m# usort:skip[39;00m
[0;32m---> 10[0m [38;5;28;01mfrom[39;00m [38;5;21;01mtorchvision[39;00m [38;5;28;01mimport[39;00m _meta_registrations, datasets, io, models, ops, transforms, utils  [38;5;66;03m# usort:skip[39;00m
[1;32m     12[0m [38;5;28;01mtry[39;00m:
[1;32m     13[0m     [38;5;28;01mfrom[39;00m [38;5;21;01m.[39;00m[38;5;21;01mversion[39;00m [38;5;28;01mimport[39;00m __version__  [38;5;66;03m# noqa: F401[39;00m

File [0;32m~/.pyenv/versions/3.9.18/envs/etc-docs/lib/python3.9/site-packages/torchvision/datasets/__init__.py:1[0m
[0;32m----> 1[0m [38;5;28;01mfrom[39;00m [38;5;21;01m.[39;00m[38;5;21;01m_optical_flow[39;00m [38;5;28;01mimport[39;00m FlyingChairs, FlyingThings3D, HD1K, KittiFlow, Sintel
[1;32m      2[0m [38;5;28;01mfrom[39;00m [38;5;21;01m.[39;00m[38;5;21;01m_stereo_matching[39;00m [38;5;28;01mimport[39;00m (
[1;32m      3[0m     CarlaStereo,
[1;32m      4[0m     CREStereo,
[0;32m   (...)[0m
[1;32m     12[0m     SintelStereo,
[1;32m     13[0m )
[1;32m     14[0m [38;5;28;01mfrom[39;00m [38;5;21;01m.[39;00m[38;5;21;01mcaltech[39;00m [38;5;28;01mimport[39;00m Caltech101, Caltech256

File [0;32m~/.pyenv/versions/3.9.18/envs/etc-docs/lib/python3.9/site-packages/torchvision/datasets/_optical_flow.py:13[0m
[1;32m     10[0m [38;5;28;01mfrom[39;00m [38;5;21;01mPIL[39;00m [38;5;28;01mimport[39;00m Image
[1;32m     12[0m [38;5;28;01mfrom[39;00m [38;5;21;01m.[39;00m[38;5;21;01m.[39;00m[38;5;21;01mio[39;00m[38;5;21;01m.[39;00m[38;5;21;01mimage[39;00m [38;5;28;01mimport[39;00m _read_png_16
[0;32m---> 13[0m [38;5;28;01mfrom[39;00m [38;5;21;01m.[39;00m[38;5;21;01mutils[39;00m [38;5;28;01mimport[39;00m _read_pfm, verify_str_arg
[1;32m     14[0m [38;5;28;01mfrom[39;00m [38;5;21;01m.[39;00m[38;5;21;01mvision[39;00m [38;5;28;01mimport[39;00m VisionDataset
[1;32m     16[0m T1 [38;5;241m=[39m Tuple[Image[38;5;241m.[39mImage, Image[38;5;241m.[39mImage, Optional[np[38;5;241m.[39mndarray], Optional[np[38;5;241m.[39mndarray]]

File [0;32m~/.pyenv/versions/3.9.18/envs/etc-docs/lib/python3.9/site-packages/torchvision/datasets/utils.py:4[0m
[1;32m      2[0m [38;5;28;01mimport[39;00m [38;5;21;01mgzip[39;00m
[1;32m      3[0m [38;5;28;01mimport[39;00m [38;5;21;01mhashlib[39;00m
[0;32m----> 4[0m [38;5;28;01mimport[39;00m [38;5;21;01mlzma[39;00m
[1;32m      5[0m [38;5;28;01mimport[39;00m [38;5;21;01mos[39;00m
[1;32m      6[0m [38;5;28;01mimport[39;00m [38;5;21;01mos[39;00m[38;5;21;01m.[39;00m[38;5;21;01mpath[39;00m

File [0;32m~/.pyenv/versions/3.9.18/lib/python3.9/lzma.py:27[0m
[1;32m     25[0m [38;5;28;01mimport[39;00m [38;5;21;01mio[39;00m
[1;32m     26[0m [38;5;28;01mimport[39;00m [38;5;21;01mos[39;00m
[0;32m---> 27[0m [38;5;28;01mfrom[39;00m [38;5;21;01m_lzma[39;00m [38;5;28;01mimport[39;00m [38;5;241m*[39m
[1;32m     28[0m [38;5;28;01mfrom[39;00m [38;5;21;01m_lzma[39;00m [38;5;28;01mimport[39;00m _encode_filter_properties, _decode_filter_properties
[1;32m     29[0m [38;5;28;01mimport[39;00m [38;5;21;01m_compression[39;00m

[0;31mModuleNotFoundError[0m: No module named '_lzma'

